2022-10-13 17:53:57  [ flink-akka.actor.default-dispatcher-5:0 ] - [ INFO ]  Slf4jLogger started
2022-10-13 17:53:57  [ flink-metrics-6:127 ] - [ INFO ]  Slf4jLogger started
2022-10-13 17:53:58  [ main:703 ] - [ WARN ]  Log file environment variable 'log.file' is not set.
2022-10-13 17:53:58  [ main:703 ] - [ WARN ]  JobManager log files are unavailable in the web dashboard. Log file location not found in environment variable 'log.file' or configuration key 'web.log.path'.
2022-10-13 18:03:03  [ flink-akka.actor.default-dispatcher-5:0 ] - [ INFO ]  Slf4jLogger started
2022-10-13 18:03:03  [ flink-metrics-8:98 ] - [ INFO ]  Slf4jLogger started
2022-10-13 18:03:04  [ main:539 ] - [ WARN ]  Log file environment variable 'log.file' is not set.
2022-10-13 18:03:04  [ main:546 ] - [ WARN ]  JobManager log files are unavailable in the web dashboard. Log file location not found in environment variable 'log.file' or configuration key 'web.log.path'.
2022-10-13 18:03:04  [ Source: Collection Source -> Timestamps/Watermarks -> DataSteamToTable(stream=default_catalog.default_database.Unregistered_DataStream_Source_4, type=*org.apache.flink.api.java.tuple.Tuple2<`f0` STRING, `f1` INT NOT NULL>* NOT NULL, rowtime=false, watermark=false) -> NotNullEnforcer(fields=[f1]) -> Sink: Collect table sink (1/1)#0:1206 ] - [ WARN ]  The operator name DataSteamToTable(stream=default_catalog.default_database.Unregistered_DataStream_Source_4, type=*org.apache.flink.api.java.tuple.Tuple2<`f0` STRING, `f1` INT NOT NULL>* NOT NULL, rowtime=false, watermark=false) exceeded the 80 characters length limit and was truncated.
2022-10-13 18:03:05  [ main:1372 ] - [ WARN ]  Failed to get job status so we assume that the job has terminated. Some data might be lost.
java.lang.IllegalStateException: MiniCluster is not yet running or has already been shut down.
	at org.apache.flink.util.Preconditions.checkState(Preconditions.java:193)
	at org.apache.flink.runtime.minicluster.MiniCluster.getDispatcherGatewayFuture(MiniCluster.java:877)
	at org.apache.flink.runtime.minicluster.MiniCluster.runDispatcherCommand(MiniCluster.java:777)
	at org.apache.flink.runtime.minicluster.MiniCluster.getJobStatus(MiniCluster.java:730)
	at org.apache.flink.runtime.minicluster.MiniClusterJobClient.getJobStatus(MiniClusterJobClient.java:90)
	at org.apache.flink.streaming.api.operators.collect.CollectResultFetcher.isJobTerminated(CollectResultFetcher.java:203)
	at org.apache.flink.streaming.api.operators.collect.CollectResultFetcher.next(CollectResultFetcher.java:117)
	at org.apache.flink.streaming.api.operators.collect.CollectResultIterator.nextResultFromFetcher(CollectResultIterator.java:106)
	at org.apache.flink.streaming.api.operators.collect.CollectResultIterator.hasNext(CollectResultIterator.java:80)
	at org.apache.flink.table.api.internal.TableResultImpl$CloseableRowIteratorWrapper.hasNext(TableResultImpl.java:370)
	at org.apache.flink.table.utils.PrintUtils.printAsTableauForm(PrintUtils.java:152)
	at org.apache.flink.table.api.internal.TableResultImpl.print(TableResultImpl.java:160)
	at com.wmz.apiTest.stream.CoGroupTest.main(CoGroupTest.java:63)
2022-10-13 18:03:33  [ flink-akka.actor.default-dispatcher-5:0 ] - [ INFO ]  Slf4jLogger started
2022-10-13 18:03:33  [ flink-metrics-6:96 ] - [ INFO ]  Slf4jLogger started
2022-10-13 18:03:34  [ main:528 ] - [ WARN ]  Log file environment variable 'log.file' is not set.
2022-10-13 18:03:34  [ main:528 ] - [ WARN ]  JobManager log files are unavailable in the web dashboard. Log file location not found in environment variable 'log.file' or configuration key 'web.log.path'.
2022-10-13 18:03:34  [ Source: Collection Source -> Timestamps/Watermarks -> DataSteamToTable(stream=default_catalog.default_database.Unregistered_DataStream_Source_4, type=*org.apache.flink.api.java.tuple.Tuple2<`f0` STRING, `f1` INT NOT NULL>* NOT NULL, rowtime=false, watermark=false) -> NotNullEnforcer(fields=[f1]) -> Sink: Collect table sink (1/1)#0:1176 ] - [ WARN ]  The operator name DataSteamToTable(stream=default_catalog.default_database.Unregistered_DataStream_Source_4, type=*org.apache.flink.api.java.tuple.Tuple2<`f0` STRING, `f1` INT NOT NULL>* NOT NULL, rowtime=false, watermark=false) exceeded the 80 characters length limit and was truncated.
2022-10-13 18:03:34  [ main:1392 ] - [ WARN ]  Failed to get job status so we assume that the job has terminated. Some data might be lost.
java.lang.IllegalStateException: MiniCluster is not yet running or has already been shut down.
	at org.apache.flink.util.Preconditions.checkState(Preconditions.java:193)
	at org.apache.flink.runtime.minicluster.MiniCluster.getDispatcherGatewayFuture(MiniCluster.java:877)
	at org.apache.flink.runtime.minicluster.MiniCluster.runDispatcherCommand(MiniCluster.java:777)
	at org.apache.flink.runtime.minicluster.MiniCluster.getJobStatus(MiniCluster.java:730)
	at org.apache.flink.runtime.minicluster.MiniClusterJobClient.getJobStatus(MiniClusterJobClient.java:90)
	at org.apache.flink.streaming.api.operators.collect.CollectResultFetcher.isJobTerminated(CollectResultFetcher.java:203)
	at org.apache.flink.streaming.api.operators.collect.CollectResultFetcher.next(CollectResultFetcher.java:117)
	at org.apache.flink.streaming.api.operators.collect.CollectResultIterator.nextResultFromFetcher(CollectResultIterator.java:106)
	at org.apache.flink.streaming.api.operators.collect.CollectResultIterator.hasNext(CollectResultIterator.java:80)
	at org.apache.flink.table.api.internal.TableResultImpl$CloseableRowIteratorWrapper.hasNext(TableResultImpl.java:370)
	at org.apache.flink.table.utils.PrintUtils.printAsTableauForm(PrintUtils.java:152)
	at org.apache.flink.table.api.internal.TableResultImpl.print(TableResultImpl.java:160)
	at com.wmz.apiTest.stream.CoGroupTest.main(CoGroupTest.java:63)
2022-10-13 18:03:36  [ flink-akka.actor.default-dispatcher-5:3240 ] - [ INFO ]  Slf4jLogger started
2022-10-13 18:03:36  [ flink-metrics-6:3368 ] - [ INFO ]  Slf4jLogger started
2022-10-13 18:03:36  [ main:3420 ] - [ WARN ]  Log file environment variable 'log.file' is not set.
2022-10-13 18:03:36  [ main:3420 ] - [ WARN ]  JobManager log files are unavailable in the web dashboard. Log file location not found in environment variable 'log.file' or configuration key 'web.log.path'.
2022-10-13 18:04:38  [ flink-akka.actor.default-dispatcher-5:0 ] - [ INFO ]  Slf4jLogger started
2022-10-13 18:04:38  [ flink-metrics-7:95 ] - [ INFO ]  Slf4jLogger started
2022-10-13 18:04:39  [ main:540 ] - [ WARN ]  Log file environment variable 'log.file' is not set.
2022-10-13 18:04:39  [ main:541 ] - [ WARN ]  JobManager log files are unavailable in the web dashboard. Log file location not found in environment variable 'log.file' or configuration key 'web.log.path'.
2022-10-13 18:04:39  [ Source: Collection Source -> Timestamps/Watermarks -> DataSteamToTable(stream=default_catalog.default_database.Unregistered_DataStream_Source_4, type=*org.apache.flink.api.java.tuple.Tuple2<`f0` STRING, `f1` INT NOT NULL>* NOT NULL, rowtime=false, watermark=false) -> NotNullEnforcer(fields=[f1]) -> Sink: Collect table sink (1/1)#0:1193 ] - [ WARN ]  The operator name DataSteamToTable(stream=default_catalog.default_database.Unregistered_DataStream_Source_4, type=*org.apache.flink.api.java.tuple.Tuple2<`f0` STRING, `f1` INT NOT NULL>* NOT NULL, rowtime=false, watermark=false) exceeded the 80 characters length limit and was truncated.
2022-10-13 18:04:39  [ main:1386 ] - [ WARN ]  Failed to get job status so we assume that the job has terminated. Some data might be lost.
java.lang.IllegalStateException: MiniCluster is not yet running or has already been shut down.
	at org.apache.flink.util.Preconditions.checkState(Preconditions.java:193)
	at org.apache.flink.runtime.minicluster.MiniCluster.getDispatcherGatewayFuture(MiniCluster.java:877)
	at org.apache.flink.runtime.minicluster.MiniCluster.runDispatcherCommand(MiniCluster.java:777)
	at org.apache.flink.runtime.minicluster.MiniCluster.getJobStatus(MiniCluster.java:730)
	at org.apache.flink.runtime.minicluster.MiniClusterJobClient.getJobStatus(MiniClusterJobClient.java:90)
	at org.apache.flink.streaming.api.operators.collect.CollectResultFetcher.isJobTerminated(CollectResultFetcher.java:203)
	at org.apache.flink.streaming.api.operators.collect.CollectResultFetcher.next(CollectResultFetcher.java:117)
	at org.apache.flink.streaming.api.operators.collect.CollectResultIterator.nextResultFromFetcher(CollectResultIterator.java:106)
	at org.apache.flink.streaming.api.operators.collect.CollectResultIterator.hasNext(CollectResultIterator.java:80)
	at org.apache.flink.table.api.internal.TableResultImpl$CloseableRowIteratorWrapper.hasNext(TableResultImpl.java:370)
	at org.apache.flink.table.utils.PrintUtils.printAsTableauForm(PrintUtils.java:152)
	at org.apache.flink.table.api.internal.TableResultImpl.print(TableResultImpl.java:160)
	at com.wmz.apiTest.stream.CoGroupTest.main(CoGroupTest.java:63)
2022-10-13 18:04:41  [ flink-akka.actor.default-dispatcher-4:2882 ] - [ INFO ]  Slf4jLogger started
2022-10-13 18:04:41  [ flink-metrics-5:2989 ] - [ INFO ]  Slf4jLogger started
2022-10-13 18:04:41  [ main:3029 ] - [ WARN ]  Log file environment variable 'log.file' is not set.
2022-10-13 18:04:41  [ main:3029 ] - [ WARN ]  JobManager log files are unavailable in the web dashboard. Log file location not found in environment variable 'log.file' or configuration key 'web.log.path'.
2022-10-13 18:04:56  [ flink-akka.actor.default-dispatcher-5:0 ] - [ INFO ]  Slf4jLogger started
2022-10-13 18:04:56  [ flink-metrics-7:116 ] - [ INFO ]  Slf4jLogger started
2022-10-13 18:04:57  [ main:655 ] - [ WARN ]  Log file environment variable 'log.file' is not set.
2022-10-13 18:04:57  [ main:655 ] - [ WARN ]  JobManager log files are unavailable in the web dashboard. Log file location not found in environment variable 'log.file' or configuration key 'web.log.path'.
2022-10-13 18:04:57  [ Source: Collection Source -> Timestamps/Watermarks -> DataSteamToTable(stream=default_catalog.default_database.Unregistered_DataStream_Source_4, type=*org.apache.flink.api.java.tuple.Tuple2<`f0` STRING, `f1` INT NOT NULL>* NOT NULL, rowtime=false, watermark=false) -> NotNullEnforcer(fields=[f1]) -> Sink: Collect table sink (1/1)#0:1515 ] - [ WARN ]  The operator name DataSteamToTable(stream=default_catalog.default_database.Unregistered_DataStream_Source_4, type=*org.apache.flink.api.java.tuple.Tuple2<`f0` STRING, `f1` INT NOT NULL>* NOT NULL, rowtime=false, watermark=false) exceeded the 80 characters length limit and was truncated.
2022-10-13 18:05:41  [ flink-akka.actor.default-dispatcher-5:0 ] - [ INFO ]  Slf4jLogger started
2022-10-13 18:05:41  [ flink-metrics-8:96 ] - [ INFO ]  Slf4jLogger started
2022-10-13 18:05:42  [ main:581 ] - [ WARN ]  Log file environment variable 'log.file' is not set.
2022-10-13 18:05:42  [ main:581 ] - [ WARN ]  JobManager log files are unavailable in the web dashboard. Log file location not found in environment variable 'log.file' or configuration key 'web.log.path'.
2022-10-13 18:05:43  [ Source: Collection Source -> Timestamps/Watermarks -> DataSteamToTable(stream=default_catalog.default_database.Unregistered_DataStream_Source_4, type=*org.apache.flink.api.java.tuple.Tuple2<`f0` STRING, `f1` INT NOT NULL>* NOT NULL, rowtime=false, watermark=false) -> NotNullEnforcer(fields=[f1]) -> Sink: Collect table sink (1/1)#0:1626 ] - [ WARN ]  The operator name DataSteamToTable(stream=default_catalog.default_database.Unregistered_DataStream_Source_4, type=*org.apache.flink.api.java.tuple.Tuple2<`f0` STRING, `f1` INT NOT NULL>* NOT NULL, rowtime=false, watermark=false) exceeded the 80 characters length limit and was truncated.
2022-10-13 18:05:43  [ main:1923 ] - [ WARN ]  Failed to get job status so we assume that the job has terminated. Some data might be lost.
java.lang.IllegalStateException: MiniCluster is not yet running or has already been shut down.
	at org.apache.flink.util.Preconditions.checkState(Preconditions.java:193)
	at org.apache.flink.runtime.minicluster.MiniCluster.getDispatcherGatewayFuture(MiniCluster.java:877)
	at org.apache.flink.runtime.minicluster.MiniCluster.runDispatcherCommand(MiniCluster.java:777)
	at org.apache.flink.runtime.minicluster.MiniCluster.getJobStatus(MiniCluster.java:730)
	at org.apache.flink.runtime.minicluster.MiniClusterJobClient.getJobStatus(MiniClusterJobClient.java:90)
	at org.apache.flink.streaming.api.operators.collect.CollectResultFetcher.isJobTerminated(CollectResultFetcher.java:203)
	at org.apache.flink.streaming.api.operators.collect.CollectResultFetcher.next(CollectResultFetcher.java:117)
	at org.apache.flink.streaming.api.operators.collect.CollectResultIterator.nextResultFromFetcher(CollectResultIterator.java:106)
	at org.apache.flink.streaming.api.operators.collect.CollectResultIterator.hasNext(CollectResultIterator.java:80)
	at org.apache.flink.table.api.internal.TableResultImpl$CloseableRowIteratorWrapper.hasNext(TableResultImpl.java:370)
	at org.apache.flink.table.utils.PrintUtils.printAsTableauForm(PrintUtils.java:152)
	at org.apache.flink.table.api.internal.TableResultImpl.print(TableResultImpl.java:160)
	at com.wmz.apiTest.stream.CoGroupTest.main(CoGroupTest.java:63)
2022-10-13 18:05:45  [ flink-akka.actor.default-dispatcher-5:3880 ] - [ INFO ]  Slf4jLogger started
2022-10-13 18:05:45  [ flink-metrics-6:4011 ] - [ INFO ]  Slf4jLogger started
2022-10-13 18:05:45  [ main:4067 ] - [ WARN ]  Log file environment variable 'log.file' is not set.
2022-10-13 18:05:45  [ main:4067 ] - [ WARN ]  JobManager log files are unavailable in the web dashboard. Log file location not found in environment variable 'log.file' or configuration key 'web.log.path'.
